

Version:	3.9
CmdLine:	G:\DEP\MyTestOneDriveDirectLinkGenerator\Direct Link Gen.exe --l4j-debug
WOW64:		yes
Working dir:	G:\DEP\MyTestOneDriveDirectLinkGenerator\.
64-bit search:	SOFTWARE\JavaSoft\Java Runtime Environment...
Check:		SOFTWARE\JavaSoft\Java Runtime Environment\1.8
Check launcher:	C:\Program Files\Java\jre1.8.0_171\bin\javaw.exe (OK)
Match:		1.8
Check:		SOFTWARE\JavaSoft\Java Runtime Environment\1.8.0_121
Check launcher:	C:\Program Files\Java\jre1.8.0_121\bin\javaw.exe (OK)
Match:		1.8.0_121
Check:		SOFTWARE\JavaSoft\Java Runtime Environment\1.8.0_171
Check launcher:	C:\Program Files\Java\jre1.8.0_171\bin\javaw.exe (OK)
Match:		1.8.0_171
64-bit search:	SOFTWARE\JavaSoft\Java Development Kit...
Check:		SOFTWARE\JavaSoft\Java Development Kit\1.8
Ignore:		1.8
Check:		SOFTWARE\JavaSoft\Java Development Kit\1.8.0_121
Ignore:		1.8.0_121
Check:		SOFTWARE\JavaSoft\Java Development Kit\1.8.0_161
Ignore:		1.8.0_161
Runtime used:	1.8.0_171 (64-bit)
Launcher:	C:\Program Files\Java\jre1.8.0_171\bin\javaw.exe
Launcher args:	-jar "G:\DEP\MyTestOneDriveDirectLinkGenerator\Direct Link Gen.exe"
Args length:	67/32768 chars
Exit code:	0


Version:	3.9
CmdLine:	G:\DEP\MyTestOneDriveDirectLinkGenerator\Direct Link Gen.exe --l4j-debug
WOW64:		yes
Working dir:	G:\DEP\MyTestOneDriveDirectLinkGenerator\.
64-bit search:	SOFTWARE\JavaSoft\Java Runtime Environment...
Check:		SOFTWARE\JavaSoft\Java Runtime Environment\1.8
Check launcher:	C:\Program Files\Java\jre1.8.0_171\bin\javaw.exe (OK)
Match:		1.8
Check:		SOFTWARE\JavaSoft\Java Runtime Environment\1.8.0_121
Check launcher:	C:\Program Files\Java\jre1.8.0_121\bin\javaw.exe (OK)
Match:		1.8.0_121
Check:		SOFTWARE\JavaSoft\Java Runtime Environment\1.8.0_171
Check launcher:	C:\Program Files\Java\jre1.8.0_171\bin\javaw.exe (OK)
Match:		1.8.0_171
64-bit search:	SOFTWARE\JavaSoft\Java Development Kit...
Check:		SOFTWARE\JavaSoft\Java Development Kit\1.8
Ignore:		1.8
Check:		SOFTWARE\JavaSoft\Java Development Kit\1.8.0_121
Ignore:		1.8.0_121
Check:		SOFTWARE\JavaSoft\Java Development Kit\1.8.0_161
Ignore:		1.8.0_161
Runtime used:	1.8.0_171 (64-bit)
Launcher:	C:\Program Files\Java\jre1.8.0_171\bin\javaw.exe
Launcher args:	-jar "G:\DEP\MyTestOneDriveDirectLinkGenerator\Direct Link Gen.exe"
Args length:	67/32768 chars
Error msg:	An error occurred while starting the application.


Version:	3.9
CmdLine:	G:\DEP\MyTestOneDriveDirectLinkGenerator\Direct Link Gen.exe --l4j-debug
WOW64:		yes
Working dir:	G:\DEP\MyTestOneDriveDirectLinkGenerator\.
64-bit search:	SOFTWARE\JavaSoft\Java Runtime Environment...
Check:		SOFTWARE\JavaSoft\Java Runtime Environment\1.8
Check launcher:	C:\Program Files\Java\jre1.8.0_171\bin\javaw.exe (OK)
Match:		1.8
Check:		SOFTWARE\JavaSoft\Java Runtime Environment\1.8.0_121
Check launcher:	C:\Program Files\Java\jre1.8.0_121\bin\javaw.exe (OK)
Match:		1.8.0_121
Check:		SOFTWARE\JavaSoft\Java Runtime Environment\1.8.0_171
Check launcher:	C:\Program Files\Java\jre1.8.0_171\bin\javaw.exe (OK)
Match:		1.8.0_171
64-bit search:	SOFTWARE\JavaSoft\Java Development Kit...
Check:		SOFTWARE\JavaSoft\Java Development Kit\1.8
Ignore:		1.8
Check:		SOFTWARE\JavaSoft\Java Development Kit\1.8.0_121
Ignore:		1.8.0_121
Check:		SOFTWARE\JavaSoft\Java Development Kit\1.8.0_161
Ignore:		1.8.0_161
Runtime used:	1.8.0_171 (64-bit)
Launcher:	C:\Program Files\Java\jre1.8.0_171\bin\javaw.exe
Launcher args:	-jar "G:\DEP\MyTestOneDriveDirectLinkGenerator\Direct Link Gen.exe"
Args length:	67/32768 chars
Exit code:	259


Version:	3.9
CmdLine:	G:\DEP\MyTestOneDriveDirectLinkGenerator\Direct Link Gen.exe --l4j-debug
WOW64:		yes
Working dir:	G:\DEP\MyTestOneDriveDirectLinkGenerator\.
64-bit search:	SOFTWARE\JavaSoft\Java Runtime Environment...
Check:		SOFTWARE\JavaSoft\Java Runtime Environment\1.8
Check launcher:	C:\Program Files\Java\jre1.8.0_171\bin\javaw.exe (OK)
Match:		1.8
Check:		SOFTWARE\JavaSoft\Java Runtime Environment\1.8.0_121
Check launcher:	C:\Program Files\Java\jre1.8.0_121\bin\javaw.exe (OK)
Match:		1.8.0_121
Check:		SOFTWARE\JavaSoft\Java Runtime Environment\1.8.0_171
Check launcher:	C:\Program Files\Java\jre1.8.0_171\bin\javaw.exe (OK)
Match:		1.8.0_171
64-bit search:	SOFTWARE\JavaSoft\Java Development Kit...
Check:		SOFTWARE\JavaSoft\Java Development Kit\1.8
Ignore:		1.8
Check:		SOFTWARE\JavaSoft\Java Development Kit\1.8.0_121
Ignore:		1.8.0_121
Check:		SOFTWARE\JavaSoft\Java Development Kit\1.8.0_161
Ignore:		1.8.0_161
Runtime used:	1.8.0_171 (64-bit)
Launcher:	C:\Program Files\Java\jre1.8.0_171\bin\javaw.exe
Launcher args:	-jar "G:\DEP\MyTestOneDriveDirectLinkGenerator\Direct Link Gen.exe"
Args length:	67/32768 chars
Exit code:	259
